<?xml version="1.0" encoding="UTF-8"?>
<!-- Generated by org.testng.reporters.JUnitReportReporter -->
<testsuite hostname="venkeyroy" failures="0" tests="3" name="test.loginTest" time="19.906" errors="0" timestamp="2025-08-01T17:48:35 IST" skipped="0">
  <testcase classname="test.loginTest" name="loginTestWithExcel" time="5.137"/>
  <testcase classname="test.loginTest" name="loginTestWithExcel" time="9.366"/>
  <testcase classname="test.loginTest" name="loginTestWithExcel" time="5.403"/>
</testsuite> <!-- test.loginTest -->
