<?xml version="1.0" encoding="UTF-8"?>
<!-- Generated by org.testng.reporters.JUnitReportReporter -->
<testsuite hostname="venkeyroy" failures="0" tests="1" name="base.BaseTest" time="8.471" errors="0" timestamp="2025-08-01T15:21:29 IST" skipped="0">
  <testcase classname="base.BaseTest" name="test1" time="8.471"/>
</testsuite> <!-- base.BaseTest -->
